<?xml version="1.0" encoding="UTF-8"?>
<testng-results ignored="0" total="6" passed="6" failed="0" skipped="0">
  <reporter-output>
  </reporter-output>
  <suite started-at="2023-07-27T09:34:13Z" name="Default suite" finished-at="2023-07-27T09:34:26Z" duration-ms="13201">
    <groups>
    </groups>
    <test started-at="2023-07-27T09:34:13Z" name="Default test" finished-at="2023-07-27T09:34:26Z" duration-ms="13201">
      <class name="object.obj">
        <test-method is-config="true" signature="beforeSuite()[pri:0, instance:object.obj@20bd8be5]" started-at="2023-07-27T15:03:59Z" name="beforeSuite" finished-at="2023-07-27T15:04:13Z" duration-ms="13828" status="PASS">
          <reporter-output>
          </reporter-output>
        </test-method> <!-- beforeSuite -->
        <test-method signature="f()[pri:0, instance:object.obj@20bd8be5]" started-at="2023-07-27T15:04:13Z" name="f" description="click bigger button using id" finished-at="2023-07-27T15:04:15Z" duration-ms="2267" status="PASS">
          <reporter-output>
          </reporter-output>
        </test-method> <!-- f -->
        <test-method signature="f1()[pri:0, instance:object.obj@20bd8be5]" started-at="2023-07-27T15:04:15Z" name="f1" description="click smaller button using id" finished-at="2023-07-27T15:04:17Z" duration-ms="2170" status="PASS">
          <reporter-output>
          </reporter-output>
        </test-method> <!-- f1 -->
        <test-method signature="f3()[pri:0, instance:object.obj@20bd8be5]" started-at="2023-07-27T15:04:17Z" name="f3" description="click reset button using id" finished-at="2023-07-27T15:04:20Z" duration-ms="2158" status="PASS">
          <reporter-output>
          </reporter-output>
        </test-method> <!-- f3 -->
        <test-method signature="f4()[pri:0, instance:object.obj@20bd8be5]" started-at="2023-07-27T15:04:20Z" name="f4" description="click bigger button using xpath" finished-at="2023-07-27T15:04:22Z" duration-ms="2121" status="PASS">
          <reporter-output>
          </reporter-output>
        </test-method> <!-- f4 -->
        <test-method signature="f5()[pri:0, instance:object.obj@20bd8be5]" started-at="2023-07-27T15:04:22Z" name="f5" description="click smaller button using xpath" finished-at="2023-07-27T15:04:24Z" duration-ms="2120" status="PASS">
          <reporter-output>
          </reporter-output>
        </test-method> <!-- f5 -->
        <test-method signature="f6()[pri:0, instance:object.obj@20bd8be5]" started-at="2023-07-27T15:04:24Z" name="f6" description="click reset button using xpath" finished-at="2023-07-27T15:04:26Z" duration-ms="2130" status="PASS">
          <reporter-output>
          </reporter-output>
        </test-method> <!-- f6 -->
      </class> <!-- object.obj -->
    </test> <!-- Default test -->
  </suite> <!-- Default suite -->
</testng-results>
