<?xml version="1.0" encoding="UTF-8"?>
<testng-results ignored="0" total="6" passed="6" failed="0" skipped="0">
  <reporter-output>
  </reporter-output>
  <suite started-at="2023-07-27T06:10:16Z" name="Default suite" finished-at="2023-07-27T06:10:29Z" duration-ms="13126">
    <groups>
    </groups>
    <test started-at="2023-07-27T06:10:16Z" name="Default test" finished-at="2023-07-27T06:10:29Z" duration-ms="13126">
      <class name="object.obj">
        <test-method is-config="true" signature="beforeSuite()[pri:0, instance:object.obj@20bd8be5]" started-at="2023-07-27T11:40:01Z" name="beforeSuite" finished-at="2023-07-27T11:40:16Z" duration-ms="14858" status="PASS">
          <reporter-output>
          </reporter-output>
        </test-method> <!-- beforeSuite -->
        <test-method signature="f()[pri:0, instance:object.obj@20bd8be5]" started-at="2023-07-27T11:40:16Z" name="f" description="click bigger button using id" finished-at="2023-07-27T11:40:18Z" duration-ms="2233" status="PASS">
          <reporter-output>
          </reporter-output>
        </test-method> <!-- f -->
        <test-method signature="f1()[pri:0, instance:object.obj@20bd8be5]" started-at="2023-07-27T11:40:18Z" name="f1" description="click small button using id" finished-at="2023-07-27T11:40:20Z" duration-ms="2212" status="PASS">
          <reporter-output>
          </reporter-output>
        </test-method> <!-- f1 -->
        <test-method signature="f3()[pri:0, instance:object.obj@20bd8be5]" started-at="2023-07-27T11:40:20Z" name="f3" description="click reset button using id" finished-at="2023-07-27T11:40:22Z" duration-ms="2189" status="PASS">
          <reporter-output>
          </reporter-output>
        </test-method> <!-- f3 -->
        <test-method signature="f4()[pri:0, instance:object.obj@20bd8be5]" started-at="2023-07-27T11:40:22Z" name="f4" description="click reset button using id" finished-at="2023-07-27T11:40:25Z" duration-ms="2126" status="PASS">
          <reporter-output>
          </reporter-output>
        </test-method> <!-- f4 -->
        <test-method signature="f5()[pri:0, instance:object.obj@20bd8be5]" started-at="2023-07-27T11:40:25Z" name="f5" description="click reset button using id" finished-at="2023-07-27T11:40:27Z" duration-ms="2159" status="PASS">
          <reporter-output>
          </reporter-output>
        </test-method> <!-- f5 -->
        <test-method signature="f6()[pri:0, instance:object.obj@20bd8be5]" started-at="2023-07-27T11:40:27Z" name="f6" description="click reset button using id" finished-at="2023-07-27T11:40:29Z" duration-ms="2125" status="PASS">
          <reporter-output>
          </reporter-output>
        </test-method> <!-- f6 -->
      </class> <!-- object.obj -->
    </test> <!-- Default test -->
  </suite> <!-- Default suite -->
</testng-results>
