<?xml version="1.0" encoding="UTF-8"?>
<!-- Generated by org.testng.reporters.JUnitXMLReporter -->
<testsuite ignored="0" hostname="ADMIN-PC" failures="0" tests="4" name="Default test" time="5.962" errors="0" timestamp="27 Jul 2023 06:13:45 GMT">
  <testcase classname="obj.cal_obj" name="f1" time="1.449"/>
  <testcase classname="obj.cal_obj" name="f2" time="2.152"/>
  <testcase classname="obj.cal_obj" name="f3" time="1.195"/>
  <testcase classname="obj.cal_obj" name="f4" time="1.099"/>
</testsuite> <!-- Default test -->
