<?xml version="1.0" encoding="UTF-8"?>
<!-- Generated by org.testng.reporters.JUnitXMLReporter -->
<testsuite ignored="0" hostname="ADMIN-PC" failures="0" tests="6" name="Default test" time="14.083" errors="0" timestamp="27 Jul 2023 08:37:40 GMT">
  <testcase classname="object.obj" name="f" time="2.607"/>
  <testcase classname="object.obj" name="f1" time="2.24"/>
  <testcase classname="object.obj" name="f3" time="2.177"/>
  <testcase classname="object.obj" name="f4" time="2.388"/>
  <testcase classname="object.obj" name="f5" time="2.245"/>
  <testcase classname="object.obj" name="f6" time="2.199"/>
</testsuite> <!-- Default test -->
